<?xml version="1.0" encoding="UTF-8"?>
<coverage generated="1640262238514" clover="3.2.0">
  <project timestamp="1640262238514" name="All files">
    <metrics statements="86" coveredstatements="79" conditionals="38" coveredconditionals="26" methods="26" coveredmethods="23" elements="150" coveredelements="128" complexity="0" loc="86" ncloc="86" packages="6" files="17" classes="17"/>
    <package name="src">
      <metrics statements="3" coveredstatements="3" conditionals="0" coveredconditionals="0" methods="0" coveredmethods="0"/>
      <file name="index.js" path="/home/myros/projects/progress-bar-for-react/src/index.js">
        <metrics statements="3" coveredstatements="3" conditionals="0" coveredconditionals="0" methods="0" coveredmethods="0"/>
        <line num="4" count="14" type="stmt"/>
        <line num="6" count="14" type="stmt"/>
        <line num="8" count="14" type="stmt"/>
      </file>
    </package>
    <package name="src.HOCS">
      <metrics statements="8" coveredstatements="7" conditionals="4" coveredconditionals="3" methods="2" coveredmethods="2"/>
      <file name="withTooltip.js" path="/home/myros/projects/progress-bar-for-react/src/HOCS/withTooltip.js">
        <metrics statements="8" coveredstatements="7" conditionals="4" coveredconditionals="3" methods="2" coveredmethods="2"/>
        <line num="7" count="14" type="stmt"/>
        <line num="8" count="112" type="stmt"/>
        <line num="9" count="56" type="stmt"/>
        <line num="11" count="56" type="cond" truecount="3" falsecount="1"/>
        <line num="12" count="56" type="stmt"/>
        <line num="22" count="0" type="stmt"/>
        <line num="25" count="112" type="stmt"/>
        <line num="27" count="112" type="stmt"/>
      </file>
    </package>
    <package name="src.components">
      <metrics statements="4" coveredstatements="4" conditionals="0" coveredconditionals="0" methods="2" coveredmethods="2"/>
      <file name="App.js" path="/home/myros/projects/progress-bar-for-react/src/components/App.js">
        <metrics statements="4" coveredstatements="4" conditionals="0" coveredconditionals="0" methods="2" coveredmethods="2"/>
        <line num="5" count="14" type="stmt"/>
        <line num="6" count="14" type="stmt"/>
        <line num="9" count="98" type="stmt"/>
        <line num="11" count="98" type="stmt"/>
      </file>
    </package>
    <package name="src.components.ProgressBar">
      <metrics statements="39" coveredstatements="36" conditionals="27" coveredconditionals="19" methods="7" coveredmethods="7"/>
      <file name="Filler.js" path="/home/myros/projects/progress-bar-for-react/src/components/ProgressBar/Filler.js">
        <metrics statements="6" coveredstatements="6" conditionals="2" coveredconditionals="2" methods="1" coveredmethods="1"/>
        <line num="4" count="14" type="stmt"/>
        <line num="5" count="98" type="stmt"/>
        <line num="12" count="98" type="cond" truecount="2" falsecount="0"/>
        <line num="13" count="70" type="stmt"/>
        <line num="19" count="98" type="stmt"/>
        <line num="22" count="14" type="stmt"/>
      </file>
      <file name="ProgressBar.js" path="/home/myros/projects/progress-bar-for-react/src/components/ProgressBar/ProgressBar.js">
        <metrics statements="4" coveredstatements="4" conditionals="0" coveredconditionals="0" methods="1" coveredmethods="1"/>
        <line num="5" count="14" type="stmt"/>
        <line num="11" count="98" type="stmt"/>
        <line num="12" count="98" type="stmt"/>
        <line num="29" count="14" type="stmt"/>
      </file>
      <file name="ProgressBarContainer.js" path="/home/myros/projects/progress-bar-for-react/src/components/ProgressBar/ProgressBarContainer.js">
        <metrics statements="28" coveredstatements="25" conditionals="25" coveredconditionals="17" methods="4" coveredmethods="4"/>
        <line num="10" count="14" type="stmt"/>
        <line num="12" count="14" type="stmt"/>
        <line num="13" count="196" type="stmt"/>
        <line num="14" count="196" type="stmt"/>
        <line num="15" count="98" type="stmt"/>
        <line num="17" count="196" type="stmt"/>
        <line num="20" count="14" type="stmt"/>
        <line num="27" count="196" type="stmt"/>
        <line num="30" count="196" type="stmt"/>
        <line num="32" count="196" type="cond" truecount="5" falsecount="0"/>
        <line num="33" count="98" type="stmt"/>
        <line num="35" count="98" type="stmt"/>
        <line num="36" count="98" type="stmt"/>
        <line num="39" count="196" type="stmt"/>
        <line num="40" count="98" type="cond" truecount="1" falsecount="1"/>
        <line num="42" count="98" type="cond" truecount="2" falsecount="0"/>
        <line num="44" count="98" type="cond" truecount="2" falsecount="3"/>
        <line num="46" count="0" type="stmt"/>
        <line num="47" count="98" type="cond" truecount="2" falsecount="3"/>
        <line num="48" count="0" type="stmt"/>
        <line num="52" count="196" type="stmt"/>
        <line num="54" count="196" type="cond" truecount="1" falsecount="1"/>
        <line num="55" count="0" type="stmt"/>
        <line num="58" count="196" type="stmt"/>
        <line num="60" count="196" type="cond" truecount="4" falsecount="0"/>
        <line num="61" count="112" type="stmt"/>
        <line num="64" count="196" type="stmt"/>
        <line num="75" count="14" type="stmt"/>
      </file>
      <file name="index.js" path="/home/myros/projects/progress-bar-for-react/src/components/ProgressBar/index.js">
        <metrics statements="0" coveredstatements="0" conditionals="0" coveredconditionals="0" methods="0" coveredmethods="0"/>
      </file>
      <file name="styles.js" path="/home/myros/projects/progress-bar-for-react/src/components/ProgressBar/styles.js">
        <metrics statements="1" coveredstatements="1" conditionals="0" coveredconditionals="0" methods="1" coveredmethods="1"/>
        <line num="2" count="14" type="stmt"/>
      </file>
    </package>
    <package name="src.examples">
      <metrics statements="29" coveredstatements="26" conditionals="4" coveredconditionals="2" methods="14" coveredmethods="11"/>
      <file name="Clocked.js" path="/home/myros/projects/progress-bar-for-react/src/examples/Clocked.js">
        <metrics statements="9" coveredstatements="8" conditionals="2" coveredconditionals="1" methods="4" coveredmethods="3"/>
        <line num="5" count="14" type="stmt"/>
        <line num="6" count="14" type="stmt"/>
        <line num="8" count="14" type="stmt"/>
        <line num="9" count="14" type="stmt"/>
        <line num="10" count="2" type="stmt"/>
        <line num="11" count="2" type="cond" truecount="1" falsecount="1"/>
        <line num="12" count="0" type="stmt"/>
        <line num="15" count="14" type="stmt"/>
        <line num="18" count="14" type="stmt"/>
      </file>
      <file name="Complex.js" path="/home/myros/projects/progress-bar-for-react/src/examples/Complex.js">
        <metrics statements="2" coveredstatements="2" conditionals="0" coveredconditionals="0" methods="1" coveredmethods="1"/>
        <line num="4" count="14" type="stmt"/>
        <line num="5" count="14" type="stmt"/>
      </file>
      <file name="ExtraStyles.js" path="/home/myros/projects/progress-bar-for-react/src/examples/ExtraStyles.js">
        <metrics statements="2" coveredstatements="2" conditionals="0" coveredconditionals="0" methods="1" coveredmethods="1"/>
        <line num="4" count="14" type="stmt"/>
        <line num="5" count="14" type="stmt"/>
      </file>
      <file name="OnPercentageChange.js" path="/home/myros/projects/progress-bar-for-react/src/examples/OnPercentageChange.js">
        <metrics statements="10" coveredstatements="8" conditionals="2" coveredconditionals="1" methods="5" coveredmethods="3"/>
        <line num="4" count="14" type="stmt"/>
        <line num="5" count="14" type="stmt"/>
        <line num="7" count="14" type="stmt"/>
        <line num="8" count="14" type="stmt"/>
        <line num="9" count="2" type="stmt"/>
        <line num="10" count="2" type="cond" truecount="1" falsecount="1"/>
        <line num="11" count="0" type="stmt"/>
        <line num="14" count="14" type="stmt"/>
        <line num="17" count="14" type="stmt"/>
        <line num="33" count="0" type="stmt"/>
      </file>
      <file name="ProgressBarStyles.js" path="/home/myros/projects/progress-bar-for-react/src/examples/ProgressBarStyles.js">
        <metrics statements="2" coveredstatements="2" conditionals="0" coveredconditionals="0" methods="1" coveredmethods="1"/>
        <line num="4" count="14" type="stmt"/>
        <line num="5" count="14" type="stmt"/>
      </file>
      <file name="Simple.js" path="/home/myros/projects/progress-bar-for-react/src/examples/Simple.js">
        <metrics statements="2" coveredstatements="2" conditionals="0" coveredconditionals="0" methods="1" coveredmethods="1"/>
        <line num="4" count="14" type="stmt"/>
        <line num="5" count="14" type="stmt"/>
      </file>
      <file name="ToolTip.js" path="/home/myros/projects/progress-bar-for-react/src/examples/ToolTip.js">
        <metrics statements="2" coveredstatements="2" conditionals="0" coveredconditionals="0" methods="1" coveredmethods="1"/>
        <line num="4" count="14" type="stmt"/>
        <line num="5" count="14" type="stmt"/>
      </file>
      <file name="index.js" path="/home/myros/projects/progress-bar-for-react/src/examples/index.js">
        <metrics statements="0" coveredstatements="0" conditionals="0" coveredconditionals="0" methods="0" coveredmethods="0"/>
      </file>
    </package>
    <package name="src.utils">
      <metrics statements="3" coveredstatements="3" conditionals="3" coveredconditionals="2" methods="1" coveredmethods="1"/>
      <file name="getDisplayName.js" path="/home/myros/projects/progress-bar-for-react/src/utils/getDisplayName.js">
        <metrics statements="3" coveredstatements="3" conditionals="3" coveredconditionals="2" methods="1" coveredmethods="1"/>
        <line num="1" count="14" type="stmt"/>
        <line num="3" count="112" type="cond" truecount="2" falsecount="1"/>
        <line num="5" count="112" type="stmt"/>
      </file>
    </package>
  </project>
</coverage>
