{"/home/myros/projects/progress_bar_for_react/src/index.js": {"path":"/home/myros/projects/progress_bar_for_react/src/index.js","statementMap":{"0":{"start":{"line":4,"column":16},"end":{"line":4,"column":47}},"1":{"start":{"line":6,"column":24},"end":{"line":6,"column":29}},"2":{"start":{"line":8,"column":0},"end":{"line":8,"column":42}}},"fnMap":{},"branchMap":{},"s":{"0":36,"1":36,"2":36},"f":{},"b":{},"_coverageSchema":"1a1c01bbd47fc00a2c39e90264f33305004495a9","hash":"a844d426b5c8161fdfa9ce43a9289d5671d66431"}
,"/home/myros/projects/progress_bar_for_react/src/Examples/Clocked.js": {"path":"/home/myros/projects/progress_bar_for_react/src/Examples/Clocked.js","statementMap":{"0":{"start":{"line":5,"column":27},"end":{"line":36,"column":1}},"1":{"start":{"line":6,"column":36},"end":{"line":6,"column":47}},"2":{"start":{"line":8,"column":2},"end":{"line":16,"column":19}},"3":{"start":{"line":9,"column":21},"end":{"line":14,"column":11}},"4":{"start":{"line":10,"column":6},"end":{"line":10,"column":34}},"5":{"start":{"line":11,"column":6},"end":{"line":13,"column":7}},"6":{"start":{"line":12,"column":8},"end":{"line":12,"column":25}},"7":{"start":{"line":15,"column":4},"end":{"line":15,"column":41}},"8":{"start":{"line":15,"column":17},"end":{"line":15,"column":40}},"9":{"start":{"line":18,"column":2},"end":{"line":35,"column":4}}},"fnMap":{"0":{"name":"(anonymous_0)","decl":{"start":{"line":5,"column":27},"end":{"line":5,"column":28}},"loc":{"start":{"line":5,"column":33},"end":{"line":36,"column":1}},"line":5},"1":{"name":"(anonymous_1)","decl":{"start":{"line":8,"column":12},"end":{"line":8,"column":13}},"loc":{"start":{"line":8,"column":18},"end":{"line":16,"column":3}},"line":8},"2":{"name":"(anonymous_2)","decl":{"start":{"line":9,"column":33},"end":{"line":9,"column":34}},"loc":{"start":{"line":9,"column":39},"end":{"line":14,"column":5}},"line":9},"3":{"name":"(anonymous_3)","decl":{"start":{"line":15,"column":11},"end":{"line":15,"column":12}},"loc":{"start":{"line":15,"column":17},"end":{"line":15,"column":40}},"line":15}},"branchMap":{"0":{"loc":{"start":{"line":11,"column":6},"end":{"line":13,"column":7}},"type":"if","locations":[{"start":{"line":11,"column":6},"end":{"line":13,"column":7}},{"start":{"line":11,"column":6},"end":{"line":13,"column":7}}],"line":11}},"s":{"0":36,"1":45,"2":45,"3":45,"4":33,"5":33,"6":0,"7":45,"8":9,"9":45},"f":{"0":45,"1":45,"2":33,"3":9},"b":{"0":[0,33]},"_coverageSchema":"1a1c01bbd47fc00a2c39e90264f33305004495a9","hash":"3233062eac115a38ada0c794adeb98637a019d43"}
,"/home/myros/projects/progress_bar_for_react/src/Examples/Complex.js": {"path":"/home/myros/projects/progress_bar_for_react/src/Examples/Complex.js","statementMap":{"0":{"start":{"line":4,"column":16},"end":{"line":21,"column":1}},"1":{"start":{"line":5,"column":2},"end":{"line":20,"column":8}}},"fnMap":{"0":{"name":"(anonymous_0)","decl":{"start":{"line":4,"column":16},"end":{"line":4,"column":17}},"loc":{"start":{"line":5,"column":2},"end":{"line":20,"column":8}},"line":5}},"branchMap":{},"s":{"0":36,"1":36},"f":{"0":36},"b":{},"_coverageSchema":"1a1c01bbd47fc00a2c39e90264f33305004495a9","hash":"927f9fc1739cdb11af8b4c22b1e5a746a31cc72b"}
,"/home/myros/projects/progress_bar_for_react/src/Examples/ExtraStyles.js": {"path":"/home/myros/projects/progress_bar_for_react/src/Examples/ExtraStyles.js","statementMap":{"0":{"start":{"line":4,"column":20},"end":{"line":13,"column":1}},"1":{"start":{"line":5,"column":2},"end":{"line":12,"column":8}}},"fnMap":{"0":{"name":"(anonymous_0)","decl":{"start":{"line":4,"column":20},"end":{"line":4,"column":21}},"loc":{"start":{"line":5,"column":2},"end":{"line":12,"column":8}},"line":5}},"branchMap":{},"s":{"0":36,"1":36},"f":{"0":36},"b":{},"_coverageSchema":"1a1c01bbd47fc00a2c39e90264f33305004495a9","hash":"fb314c0dc49f159014f5fab52e44fa2462338630"}
,"/home/myros/projects/progress_bar_for_react/src/Examples/OnPercentageChange.js": {"path":"/home/myros/projects/progress_bar_for_react/src/Examples/OnPercentageChange.js","statementMap":{"0":{"start":{"line":5,"column":27},"end":{"line":39,"column":1}},"1":{"start":{"line":6,"column":36},"end":{"line":6,"column":47}},"2":{"start":{"line":8,"column":2},"end":{"line":16,"column":19}},"3":{"start":{"line":9,"column":21},"end":{"line":14,"column":11}},"4":{"start":{"line":10,"column":6},"end":{"line":10,"column":34}},"5":{"start":{"line":11,"column":6},"end":{"line":13,"column":7}},"6":{"start":{"line":12,"column":8},"end":{"line":12,"column":25}},"7":{"start":{"line":15,"column":4},"end":{"line":15,"column":41}},"8":{"start":{"line":15,"column":17},"end":{"line":15,"column":40}},"9":{"start":{"line":18,"column":2},"end":{"line":38,"column":4}},"10":{"start":{"line":34,"column":10},"end":{"line":34,"column":46}}},"fnMap":{"0":{"name":"(anonymous_0)","decl":{"start":{"line":5,"column":27},"end":{"line":5,"column":28}},"loc":{"start":{"line":5,"column":33},"end":{"line":39,"column":1}},"line":5},"1":{"name":"(anonymous_1)","decl":{"start":{"line":8,"column":12},"end":{"line":8,"column":13}},"loc":{"start":{"line":8,"column":18},"end":{"line":16,"column":3}},"line":8},"2":{"name":"(anonymous_2)","decl":{"start":{"line":9,"column":33},"end":{"line":9,"column":34}},"loc":{"start":{"line":9,"column":39},"end":{"line":14,"column":5}},"line":9},"3":{"name":"(anonymous_3)","decl":{"start":{"line":15,"column":11},"end":{"line":15,"column":12}},"loc":{"start":{"line":15,"column":17},"end":{"line":15,"column":40}},"line":15},"4":{"name":"(anonymous_4)","decl":{"start":{"line":33,"column":28},"end":{"line":33,"column":29}},"loc":{"start":{"line":33,"column":35},"end":{"line":35,"column":9}},"line":33}},"branchMap":{"0":{"loc":{"start":{"line":11,"column":6},"end":{"line":13,"column":7}},"type":"if","locations":[{"start":{"line":11,"column":6},"end":{"line":13,"column":7}},{"start":{"line":11,"column":6},"end":{"line":13,"column":7}}],"line":11}},"s":{"0":36,"1":42,"2":42,"3":42,"4":29,"5":29,"6":0,"7":42,"8":6,"9":42,"10":6},"f":{"0":42,"1":42,"2":29,"3":6,"4":6},"b":{"0":[0,29]},"_coverageSchema":"1a1c01bbd47fc00a2c39e90264f33305004495a9","hash":"a45a2b44119bef42e3d88d578e101597b9607e3c"}
,"/home/myros/projects/progress_bar_for_react/src/Examples/ProgressBarStyles.js": {"path":"/home/myros/projects/progress_bar_for_react/src/Examples/ProgressBarStyles.js","statementMap":{"0":{"start":{"line":4,"column":26},"end":{"line":20,"column":1}},"1":{"start":{"line":5,"column":2},"end":{"line":19,"column":8}}},"fnMap":{"0":{"name":"(anonymous_0)","decl":{"start":{"line":4,"column":26},"end":{"line":4,"column":27}},"loc":{"start":{"line":5,"column":2},"end":{"line":19,"column":8}},"line":5}},"branchMap":{},"s":{"0":36,"1":36},"f":{"0":36},"b":{},"_coverageSchema":"1a1c01bbd47fc00a2c39e90264f33305004495a9","hash":"ecaca553a801645a63b7ffb88587b08303541f71"}
,"/home/myros/projects/progress_bar_for_react/src/Examples/Simple.js": {"path":"/home/myros/projects/progress_bar_for_react/src/Examples/Simple.js","statementMap":{"0":{"start":{"line":4,"column":15},"end":{"line":8,"column":1}},"1":{"start":{"line":5,"column":2},"end":{"line":7,"column":8}}},"fnMap":{"0":{"name":"(anonymous_0)","decl":{"start":{"line":4,"column":15},"end":{"line":4,"column":16}},"loc":{"start":{"line":5,"column":2},"end":{"line":7,"column":8}},"line":5}},"branchMap":{},"s":{"0":36,"1":36},"f":{"0":36},"b":{},"_coverageSchema":"1a1c01bbd47fc00a2c39e90264f33305004495a9","hash":"8f67de79885ed0c9b73c4436b2142e1be6bb3a5b"}
,"/home/myros/projects/progress_bar_for_react/src/Examples/ToolTip.js": {"path":"/home/myros/projects/progress_bar_for_react/src/Examples/ToolTip.js","statementMap":{"0":{"start":{"line":4,"column":16},"end":{"line":8,"column":1}},"1":{"start":{"line":5,"column":2},"end":{"line":7,"column":8}}},"fnMap":{"0":{"name":"(anonymous_0)","decl":{"start":{"line":4,"column":16},"end":{"line":4,"column":17}},"loc":{"start":{"line":5,"column":2},"end":{"line":7,"column":8}},"line":5}},"branchMap":{},"s":{"0":36,"1":36},"f":{"0":36},"b":{},"_coverageSchema":"1a1c01bbd47fc00a2c39e90264f33305004495a9","hash":"e4aa3e19bf309aa6d52777d224a3b12bb1d218f7"}
,"/home/myros/projects/progress_bar_for_react/src/Examples/index.js": {"path":"/home/myros/projects/progress_bar_for_react/src/Examples/index.js","statementMap":{},"fnMap":{},"branchMap":{},"s":{},"f":{},"b":{},"_coverageSchema":"1a1c01bbd47fc00a2c39e90264f33305004495a9","hash":"479751a740e509c83e934ec58764aefcbfb9a891"}
,"/home/myros/projects/progress_bar_for_react/src/HOCS/withTooltip.js": {"path":"/home/myros/projects/progress_bar_for_react/src/HOCS/withTooltip.js","statementMap":{"0":{"start":{"line":7,"column":20},"end":{"line":30,"column":1}},"1":{"start":{"line":8,"column":27},"end":{"line":25,"column":3}},"2":{"start":{"line":9,"column":45},"end":{"line":9,"column":50}},"3":{"start":{"line":13,"column":4},"end":{"line":22,"column":5}},"4":{"start":{"line":14,"column":6},"end":{"line":21,"column":8}},"5":{"start":{"line":24,"column":4},"end":{"line":24,"column":44}},"6":{"start":{"line":27,"column":2},"end":{"line":27,"column":63}},"7":{"start":{"line":29,"column":2},"end":{"line":29,"column":26}}},"fnMap":{"0":{"name":"(anonymous_0)","decl":{"start":{"line":7,"column":20},"end":{"line":7,"column":21}},"loc":{"start":{"line":7,"column":39},"end":{"line":30,"column":1}},"line":7},"1":{"name":"(anonymous_1)","decl":{"start":{"line":8,"column":27},"end":{"line":8,"column":28}},"loc":{"start":{"line":8,"column":38},"end":{"line":25,"column":3}},"line":8}},"branchMap":{"0":{"loc":{"start":{"line":13,"column":4},"end":{"line":22,"column":5}},"type":"if","locations":[{"start":{"line":13,"column":4},"end":{"line":22,"column":5}},{"start":{"line":13,"column":4},"end":{"line":22,"column":5}}],"line":13},"1":{"loc":{"start":{"line":13,"column":8},"end":{"line":13,"column":47}},"type":"binary-expr","locations":[{"start":{"line":13,"column":8},"end":{"line":13,"column":22}},{"start":{"line":13,"column":26},"end":{"line":13,"column":47}}],"line":13}},"s":{"0":36,"1":303,"2":159,"3":159,"4":159,"5":0,"6":303,"7":303},"f":{"0":303,"1":159},"b":{"0":[159,0],"1":[159,159]},"_coverageSchema":"1a1c01bbd47fc00a2c39e90264f33305004495a9","hash":"950f4d31fc4491f2a260c908abef6124ed586958"}
,"/home/myros/projects/progress_bar_for_react/src/components/App.js": {"path":"/home/myros/projects/progress_bar_for_react/src/components/App.js","statementMap":{"0":{"start":{"line":5,"column":12},"end":{"line":20,"column":1}},"1":{"start":{"line":6,"column":2},"end":{"line":19,"column":4}},"2":{"start":{"line":9,"column":24},"end":{"line":9,"column":37}},"3":{"start":{"line":11,"column":8},"end":{"line":16,"column":10}}},"fnMap":{"0":{"name":"(anonymous_0)","decl":{"start":{"line":5,"column":12},"end":{"line":5,"column":13}},"loc":{"start":{"line":5,"column":18},"end":{"line":20,"column":1}},"line":5},"1":{"name":"(anonymous_1)","decl":{"start":{"line":8,"column":33},"end":{"line":8,"column":34}},"loc":{"start":{"line":8,"column":42},"end":{"line":17,"column":7}},"line":8}},"branchMap":{},"s":{"0":36,"1":36,"2":252,"3":252},"f":{"0":36,"1":252},"b":{},"_coverageSchema":"1a1c01bbd47fc00a2c39e90264f33305004495a9","hash":"46ede90c7769f68304622c1730c9c8088dc5bbc1"}
,"/home/myros/projects/progress_bar_for_react/src/components/ProgressBar/Filler.js": {"path":"/home/myros/projects/progress_bar_for_react/src/components/ProgressBar/Filler.js","statementMap":{"0":{"start":{"line":4,"column":15},"end":{"line":20,"column":1}},"1":{"start":{"line":5,"column":18},"end":{"line":10,"column":3}},"2":{"start":{"line":12,"column":2},"end":{"line":17,"column":3}},"3":{"start":{"line":13,"column":4},"end":{"line":16,"column":6}},"4":{"start":{"line":19,"column":2},"end":{"line":19,"column":30}},"5":{"start":{"line":22,"column":0},"end":{"line":27,"column":2}}},"fnMap":{"0":{"name":"(anonymous_0)","decl":{"start":{"line":4,"column":15},"end":{"line":4,"column":16}},"loc":{"start":{"line":4,"column":63},"end":{"line":20,"column":1}},"line":4}},"branchMap":{"0":{"loc":{"start":{"line":12,"column":2},"end":{"line":17,"column":3}},"type":"if","locations":[{"start":{"line":12,"column":2},"end":{"line":17,"column":3}},{"start":{"line":12,"column":2},"end":{"line":17,"column":3}}],"line":12}},"s":{"0":36,"1":267,"2":267,"3":195,"4":267,"5":36},"f":{"0":267},"b":{"0":[195,72]},"_coverageSchema":"1a1c01bbd47fc00a2c39e90264f33305004495a9","hash":"e88910a875a33db56bfee53e318c344f15f564d2"}
,"/home/myros/projects/progress_bar_for_react/src/components/ProgressBar/ProgressBar.js": {"path":"/home/myros/projects/progress_bar_for_react/src/components/ProgressBar/ProgressBar.js","statementMap":{"0":{"start":{"line":5,"column":20},"end":{"line":28,"column":1}},"1":{"start":{"line":11,"column":14},"end":{"line":11,"column":36}},"2":{"start":{"line":12,"column":2},"end":{"line":27,"column":4}},"3":{"start":{"line":29,"column":0},"end":{"line":35,"column":2}}},"fnMap":{"0":{"name":"(anonymous_0)","decl":{"start":{"line":5,"column":20},"end":{"line":5,"column":21}},"loc":{"start":{"line":10,"column":6},"end":{"line":28,"column":1}},"line":10}},"branchMap":{},"s":{"0":36,"1":267,"2":267,"3":36},"f":{"0":267},"b":{},"_coverageSchema":"1a1c01bbd47fc00a2c39e90264f33305004495a9","hash":"32b527c040a23d5a7abceace02dbc1c21f8c36b2"}
,"/home/myros/projects/progress_bar_for_react/src/components/ProgressBar/ProgressBarContainer.js": {"path":"/home/myros/projects/progress_bar_for_react/src/components/ProgressBar/ProgressBarContainer.js","statementMap":{"0":{"start":{"line":10,"column":18},"end":{"line":10,"column":41}},"1":{"start":{"line":12,"column":20},"end":{"line":18,"column":1}},"2":{"start":{"line":13,"column":14},"end":{"line":13,"column":22}},"3":{"start":{"line":14,"column":2},"end":{"line":16,"column":5}},"4":{"start":{"line":15,"column":4},"end":{"line":15,"column":24}},"5":{"start":{"line":17,"column":2},"end":{"line":17,"column":21}},"6":{"start":{"line":20,"column":29},"end":{"line":73,"column":1}},"7":{"start":{"line":27,"column":51},"end":{"line":27,"column":66}},"8":{"start":{"line":30,"column":24},"end":{"line":30,"column":51}},"9":{"start":{"line":32,"column":2},"end":{"line":37,"column":3}},"10":{"start":{"line":33,"column":4},"end":{"line":33,"column":26}},"11":{"start":{"line":35,"column":4},"end":{"line":35,"column":55}},"12":{"start":{"line":36,"column":4},"end":{"line":36,"column":30}},"13":{"start":{"line":39,"column":2},"end":{"line":50,"column":19}},"14":{"start":{"line":40,"column":23},"end":{"line":40,"column":79}},"15":{"start":{"line":42,"column":6},"end":{"line":42,"column":68}},"16":{"start":{"line":44,"column":4},"end":{"line":49,"column":5}},"17":{"start":{"line":46,"column":6},"end":{"line":46,"column":37}},"18":{"start":{"line":47,"column":11},"end":{"line":49,"column":5}},"19":{"start":{"line":48,"column":6},"end":{"line":48,"column":48}},"20":{"start":{"line":52,"column":18},"end":{"line":52,"column":29}},"21":{"start":{"line":54,"column":2},"end":{"line":56,"column":3}},"22":{"start":{"line":55,"column":4},"end":{"line":55,"column":16}},"23":{"start":{"line":58,"column":25},"end":{"line":58,"column":36}},"24":{"start":{"line":60,"column":2},"end":{"line":62,"column":3}},"25":{"start":{"line":61,"column":4},"end":{"line":61,"column":48}},"26":{"start":{"line":64,"column":2},"end":{"line":72,"column":4}},"27":{"start":{"line":75,"column":0},"end":{"line":81,"column":2}}},"fnMap":{"0":{"name":"(anonymous_0)","decl":{"start":{"line":12,"column":20},"end":{"line":12,"column":21}},"loc":{"start":{"line":12,"column":31},"end":{"line":18,"column":1}},"line":12},"1":{"name":"(anonymous_1)","decl":{"start":{"line":14,"column":12},"end":{"line":14,"column":13}},"loc":{"start":{"line":14,"column":18},"end":{"line":16,"column":3}},"line":14},"2":{"name":"(anonymous_2)","decl":{"start":{"line":20,"column":29},"end":{"line":20,"column":30}},"loc":{"start":{"line":26,"column":6},"end":{"line":73,"column":1}},"line":26},"3":{"name":"(anonymous_3)","decl":{"start":{"line":39,"column":12},"end":{"line":39,"column":13}},"loc":{"start":{"line":39,"column":18},"end":{"line":50,"column":3}},"line":39}},"branchMap":{"0":{"loc":{"start":{"line":32,"column":2},"end":{"line":37,"column":3}},"type":"if","locations":[{"start":{"line":32,"column":2},"end":{"line":37,"column":3}},{"start":{"line":32,"column":2},"end":{"line":37,"column":3}}],"line":32},"1":{"loc":{"start":{"line":32,"column":6},"end":{"line":32,"column":60}},"type":"binary-expr","locations":[{"start":{"line":32,"column":6},"end":{"line":32,"column":16}},{"start":{"line":32,"column":20},"end":{"line":32,"column":38}},{"start":{"line":32,"column":42},"end":{"line":32,"column":60}}],"line":32},"2":{"loc":{"start":{"line":40,"column":23},"end":{"line":40,"column":79}},"type":"binary-expr","locations":[{"start":{"line":40,"column":23},"end":{"line":40,"column":36}},{"start":{"line":40,"column":40},"end":{"line":40,"column":79}}],"line":40},"3":{"loc":{"start":{"line":42,"column":6},"end":{"line":42,"column":68}},"type":"binary-expr","locations":[{"start":{"line":42,"column":6},"end":{"line":42,"column":24}},{"start":{"line":42,"column":28},"end":{"line":42,"column":68}}],"line":42},"4":{"loc":{"start":{"line":44,"column":4},"end":{"line":49,"column":5}},"type":"if","locations":[{"start":{"line":44,"column":4},"end":{"line":49,"column":5}},{"start":{"line":44,"column":4},"end":{"line":49,"column":5}}],"line":44},"5":{"loc":{"start":{"line":44,"column":8},"end":{"line":44,"column":68}},"type":"binary-expr","locations":[{"start":{"line":44,"column":8},"end":{"line":44,"column":18}},{"start":{"line":44,"column":22},"end":{"line":44,"column":46}},{"start":{"line":44,"column":50},"end":{"line":44,"column":68}}],"line":44},"6":{"loc":{"start":{"line":47,"column":11},"end":{"line":49,"column":5}},"type":"if","locations":[{"start":{"line":47,"column":11},"end":{"line":49,"column":5}},{"start":{"line":47,"column":11},"end":{"line":49,"column":5}}],"line":47},"7":{"loc":{"start":{"line":47,"column":15},"end":{"line":47,"column":74}},"type":"binary-expr","locations":[{"start":{"line":47,"column":15},"end":{"line":47,"column":25}},{"start":{"line":47,"column":29},"end":{"line":47,"column":53}},{"start":{"line":47,"column":57},"end":{"line":47,"column":74}}],"line":47},"8":{"loc":{"start":{"line":54,"column":2},"end":{"line":56,"column":3}},"type":"if","locations":[{"start":{"line":54,"column":2},"end":{"line":56,"column":3}},{"start":{"line":54,"column":2},"end":{"line":56,"column":3}}],"line":54},"9":{"loc":{"start":{"line":60,"column":2},"end":{"line":62,"column":3}},"type":"if","locations":[{"start":{"line":60,"column":2},"end":{"line":62,"column":3}},{"start":{"line":60,"column":2},"end":{"line":62,"column":3}}],"line":60},"10":{"loc":{"start":{"line":60,"column":6},"end":{"line":60,"column":35}},"type":"binary-expr","locations":[{"start":{"line":60,"column":6},"end":{"line":60,"column":13}},{"start":{"line":60,"column":17},"end":{"line":60,"column":35}}],"line":60}},"s":{"0":36,"1":36,"2":519,"3":519,"4":267,"5":519,"6":36,"7":519,"8":519,"9":519,"10":252,"11":252,"12":252,"13":519,"14":267,"15":267,"16":267,"17":0,"18":267,"19":6,"20":519,"21":519,"22":0,"23":519,"24":519,"25":303,"26":519,"27":36},"f":{"0":519,"1":267,"2":519,"3":267},"b":{"0":[252,267],"1":[519,519,519],"2":[267,15],"3":[267,42],"4":[0,267],"5":[267,15,6],"6":[6,261],"7":[267,15,6],"8":[0,519],"9":[303,216],"10":[519,303]},"_coverageSchema":"1a1c01bbd47fc00a2c39e90264f33305004495a9","hash":"e11e77b74b7793b6d60b83416388ad69d01ee22b"}
,"/home/myros/projects/progress_bar_for_react/src/components/ProgressBar/index.js": {"path":"/home/myros/projects/progress_bar_for_react/src/components/ProgressBar/index.js","statementMap":{},"fnMap":{},"branchMap":{},"s":{},"f":{},"b":{},"_coverageSchema":"1a1c01bbd47fc00a2c39e90264f33305004495a9","hash":"450ab4c904219baa1d77cf0db2e6c8c67a466c0f"}
,"/home/myros/projects/progress_bar_for_react/src/components/ProgressBar/styles.js": {"path":"/home/myros/projects/progress_bar_for_react/src/components/ProgressBar/styles.js","statementMap":{"0":{"start":{"line":2,"column":15},"end":{"line":21,"column":2}},"1":{"start":{"line":2,"column":27},"end":{"line":21,"column":1}}},"fnMap":{"0":{"name":"(anonymous_0)","decl":{"start":{"line":2,"column":15},"end":{"line":2,"column":16}},"loc":{"start":{"line":2,"column":27},"end":{"line":21,"column":1}},"line":2}},"branchMap":{},"s":{"0":36,"1":36},"f":{"0":36},"b":{},"_coverageSchema":"1a1c01bbd47fc00a2c39e90264f33305004495a9","hash":"88ed0f2bfaf360bbd525bbd01c6064c54ef69d28"}
,"/home/myros/projects/progress_bar_for_react/src/utils/getDisplayName.js": {"path":"/home/myros/projects/progress_bar_for_react/src/utils/getDisplayName.js","statementMap":{"0":{"start":{"line":1,"column":23},"end":{"line":6,"column":1}},"1":{"start":{"line":3,"column":4},"end":{"line":3,"column":72}},"2":{"start":{"line":5,"column":2},"end":{"line":5,"column":33}}},"fnMap":{"0":{"name":"(anonymous_0)","decl":{"start":{"line":1,"column":23},"end":{"line":1,"column":24}},"loc":{"start":{"line":1,"column":45},"end":{"line":6,"column":1}},"line":1}},"branchMap":{"0":{"loc":{"start":{"line":3,"column":4},"end":{"line":3,"column":72}},"type":"binary-expr","locations":[{"start":{"line":3,"column":4},"end":{"line":3,"column":32}},{"start":{"line":3,"column":36},"end":{"line":3,"column":57}},{"start":{"line":3,"column":61},"end":{"line":3,"column":72}}],"line":3}},"s":{"0":36,"1":303,"2":303},"f":{"0":303},"b":{"0":[303,303,0]},"_coverageSchema":"1a1c01bbd47fc00a2c39e90264f33305004495a9","hash":"3d43b1f52b81ec9e53c7415770e198a74816704a"}
}
