{"/home/myros/projects/progress-bar-for-react/src/index.js": {"path":"/home/myros/projects/progress-bar-for-react/src/index.js","statementMap":{"0":{"start":{"line":4,"column":16},"end":{"line":4,"column":47}},"1":{"start":{"line":6,"column":24},"end":{"line":6,"column":29}},"2":{"start":{"line":8,"column":0},"end":{"line":8,"column":42}}},"fnMap":{},"branchMap":{},"s":{"0":14,"1":14,"2":14},"f":{},"b":{},"_coverageSchema":"1a1c01bbd47fc00a2c39e90264f33305004495a9","hash":"abb9f56d43f37f222d6d841cb921669a68064a7f"}
,"/home/myros/projects/progress-bar-for-react/src/HOCS/withTooltip.js": {"path":"/home/myros/projects/progress-bar-for-react/src/HOCS/withTooltip.js","statementMap":{"0":{"start":{"line":7,"column":20},"end":{"line":28,"column":1}},"1":{"start":{"line":8,"column":27},"end":{"line":23,"column":3}},"2":{"start":{"line":9,"column":45},"end":{"line":9,"column":50}},"3":{"start":{"line":11,"column":4},"end":{"line":20,"column":5}},"4":{"start":{"line":12,"column":6},"end":{"line":19,"column":8}},"5":{"start":{"line":22,"column":4},"end":{"line":22,"column":44}},"6":{"start":{"line":25,"column":2},"end":{"line":25,"column":63}},"7":{"start":{"line":27,"column":2},"end":{"line":27,"column":26}}},"fnMap":{"0":{"name":"(anonymous_0)","decl":{"start":{"line":7,"column":20},"end":{"line":7,"column":21}},"loc":{"start":{"line":7,"column":39},"end":{"line":28,"column":1}},"line":7},"1":{"name":"(anonymous_1)","decl":{"start":{"line":8,"column":27},"end":{"line":8,"column":28}},"loc":{"start":{"line":8,"column":38},"end":{"line":23,"column":3}},"line":8}},"branchMap":{"0":{"loc":{"start":{"line":11,"column":4},"end":{"line":20,"column":5}},"type":"if","locations":[{"start":{"line":11,"column":4},"end":{"line":20,"column":5}},{"start":{"line":11,"column":4},"end":{"line":20,"column":5}}],"line":11},"1":{"loc":{"start":{"line":11,"column":8},"end":{"line":11,"column":47}},"type":"binary-expr","locations":[{"start":{"line":11,"column":8},"end":{"line":11,"column":22}},{"start":{"line":11,"column":26},"end":{"line":11,"column":47}}],"line":11}},"s":{"0":14,"1":112,"2":56,"3":56,"4":56,"5":0,"6":112,"7":112},"f":{"0":112,"1":56},"b":{"0":[56,0],"1":[56,56]},"_coverageSchema":"1a1c01bbd47fc00a2c39e90264f33305004495a9","hash":"b2227fde810149f5cf08441520b7f80c3ec3412d"}
,"/home/myros/projects/progress-bar-for-react/src/components/App.js": {"path":"/home/myros/projects/progress-bar-for-react/src/components/App.js","statementMap":{"0":{"start":{"line":5,"column":12},"end":{"line":20,"column":1}},"1":{"start":{"line":6,"column":2},"end":{"line":19,"column":4}},"2":{"start":{"line":9,"column":24},"end":{"line":9,"column":37}},"3":{"start":{"line":11,"column":8},"end":{"line":16,"column":10}}},"fnMap":{"0":{"name":"(anonymous_0)","decl":{"start":{"line":5,"column":12},"end":{"line":5,"column":13}},"loc":{"start":{"line":5,"column":18},"end":{"line":20,"column":1}},"line":5},"1":{"name":"(anonymous_1)","decl":{"start":{"line":8,"column":33},"end":{"line":8,"column":34}},"loc":{"start":{"line":8,"column":42},"end":{"line":17,"column":7}},"line":8}},"branchMap":{},"s":{"0":14,"1":14,"2":98,"3":98},"f":{"0":14,"1":98},"b":{},"_coverageSchema":"1a1c01bbd47fc00a2c39e90264f33305004495a9","hash":"59225be62dc4bcc5e361ca3315043efd51e54ac7"}
,"/home/myros/projects/progress-bar-for-react/src/components/ProgressBar/Filler.js": {"path":"/home/myros/projects/progress-bar-for-react/src/components/ProgressBar/Filler.js","statementMap":{"0":{"start":{"line":4,"column":15},"end":{"line":20,"column":1}},"1":{"start":{"line":5,"column":18},"end":{"line":10,"column":3}},"2":{"start":{"line":12,"column":2},"end":{"line":17,"column":3}},"3":{"start":{"line":13,"column":4},"end":{"line":16,"column":6}},"4":{"start":{"line":19,"column":2},"end":{"line":19,"column":30}},"5":{"start":{"line":22,"column":0},"end":{"line":27,"column":2}}},"fnMap":{"0":{"name":"(anonymous_0)","decl":{"start":{"line":4,"column":15},"end":{"line":4,"column":16}},"loc":{"start":{"line":4,"column":63},"end":{"line":20,"column":1}},"line":4}},"branchMap":{"0":{"loc":{"start":{"line":12,"column":2},"end":{"line":17,"column":3}},"type":"if","locations":[{"start":{"line":12,"column":2},"end":{"line":17,"column":3}},{"start":{"line":12,"column":2},"end":{"line":17,"column":3}}],"line":12}},"s":{"0":14,"1":98,"2":98,"3":70,"4":98,"5":14},"f":{"0":98},"b":{"0":[70,28]},"_coverageSchema":"1a1c01bbd47fc00a2c39e90264f33305004495a9","hash":"0dbdbe07844afc1ac9ea2909d25e6480c44195c4"}
,"/home/myros/projects/progress-bar-for-react/src/components/ProgressBar/ProgressBar.js": {"path":"/home/myros/projects/progress-bar-for-react/src/components/ProgressBar/ProgressBar.js","statementMap":{"0":{"start":{"line":5,"column":20},"end":{"line":28,"column":1}},"1":{"start":{"line":11,"column":14},"end":{"line":11,"column":36}},"2":{"start":{"line":12,"column":2},"end":{"line":27,"column":4}},"3":{"start":{"line":29,"column":0},"end":{"line":35,"column":2}}},"fnMap":{"0":{"name":"(anonymous_0)","decl":{"start":{"line":5,"column":20},"end":{"line":5,"column":21}},"loc":{"start":{"line":10,"column":6},"end":{"line":28,"column":1}},"line":10}},"branchMap":{},"s":{"0":14,"1":98,"2":98,"3":14},"f":{"0":98},"b":{},"_coverageSchema":"1a1c01bbd47fc00a2c39e90264f33305004495a9","hash":"a1b5bd127b02fc2c499ce6a9f0fa682c3adfb370"}
,"/home/myros/projects/progress-bar-for-react/src/components/ProgressBar/ProgressBarContainer.js": {"path":"/home/myros/projects/progress-bar-for-react/src/components/ProgressBar/ProgressBarContainer.js","statementMap":{"0":{"start":{"line":10,"column":18},"end":{"line":10,"column":41}},"1":{"start":{"line":12,"column":20},"end":{"line":18,"column":1}},"2":{"start":{"line":13,"column":14},"end":{"line":13,"column":22}},"3":{"start":{"line":14,"column":2},"end":{"line":16,"column":5}},"4":{"start":{"line":15,"column":4},"end":{"line":15,"column":24}},"5":{"start":{"line":17,"column":2},"end":{"line":17,"column":21}},"6":{"start":{"line":20,"column":29},"end":{"line":73,"column":1}},"7":{"start":{"line":27,"column":51},"end":{"line":27,"column":66}},"8":{"start":{"line":30,"column":24},"end":{"line":30,"column":51}},"9":{"start":{"line":32,"column":2},"end":{"line":37,"column":3}},"10":{"start":{"line":33,"column":4},"end":{"line":33,"column":26}},"11":{"start":{"line":35,"column":4},"end":{"line":35,"column":55}},"12":{"start":{"line":36,"column":4},"end":{"line":36,"column":30}},"13":{"start":{"line":39,"column":2},"end":{"line":50,"column":73}},"14":{"start":{"line":40,"column":23},"end":{"line":40,"column":79}},"15":{"start":{"line":42,"column":6},"end":{"line":42,"column":68}},"16":{"start":{"line":44,"column":4},"end":{"line":49,"column":5}},"17":{"start":{"line":46,"column":6},"end":{"line":46,"column":37}},"18":{"start":{"line":47,"column":11},"end":{"line":49,"column":5}},"19":{"start":{"line":48,"column":6},"end":{"line":48,"column":48}},"20":{"start":{"line":52,"column":18},"end":{"line":52,"column":29}},"21":{"start":{"line":54,"column":2},"end":{"line":56,"column":3}},"22":{"start":{"line":55,"column":4},"end":{"line":55,"column":16}},"23":{"start":{"line":58,"column":25},"end":{"line":58,"column":36}},"24":{"start":{"line":60,"column":2},"end":{"line":62,"column":3}},"25":{"start":{"line":61,"column":4},"end":{"line":61,"column":48}},"26":{"start":{"line":64,"column":2},"end":{"line":72,"column":4}},"27":{"start":{"line":75,"column":0},"end":{"line":81,"column":2}}},"fnMap":{"0":{"name":"(anonymous_0)","decl":{"start":{"line":12,"column":20},"end":{"line":12,"column":21}},"loc":{"start":{"line":12,"column":31},"end":{"line":18,"column":1}},"line":12},"1":{"name":"(anonymous_1)","decl":{"start":{"line":14,"column":12},"end":{"line":14,"column":13}},"loc":{"start":{"line":14,"column":18},"end":{"line":16,"column":3}},"line":14},"2":{"name":"(anonymous_2)","decl":{"start":{"line":20,"column":29},"end":{"line":20,"column":30}},"loc":{"start":{"line":26,"column":6},"end":{"line":73,"column":1}},"line":26},"3":{"name":"(anonymous_3)","decl":{"start":{"line":39,"column":12},"end":{"line":39,"column":13}},"loc":{"start":{"line":39,"column":18},"end":{"line":50,"column":3}},"line":39}},"branchMap":{"0":{"loc":{"start":{"line":32,"column":2},"end":{"line":37,"column":3}},"type":"if","locations":[{"start":{"line":32,"column":2},"end":{"line":37,"column":3}},{"start":{"line":32,"column":2},"end":{"line":37,"column":3}}],"line":32},"1":{"loc":{"start":{"line":32,"column":6},"end":{"line":32,"column":60}},"type":"binary-expr","locations":[{"start":{"line":32,"column":6},"end":{"line":32,"column":16}},{"start":{"line":32,"column":20},"end":{"line":32,"column":38}},{"start":{"line":32,"column":42},"end":{"line":32,"column":60}}],"line":32},"2":{"loc":{"start":{"line":40,"column":23},"end":{"line":40,"column":79}},"type":"binary-expr","locations":[{"start":{"line":40,"column":23},"end":{"line":40,"column":36}},{"start":{"line":40,"column":40},"end":{"line":40,"column":79}}],"line":40},"3":{"loc":{"start":{"line":42,"column":6},"end":{"line":42,"column":68}},"type":"binary-expr","locations":[{"start":{"line":42,"column":6},"end":{"line":42,"column":24}},{"start":{"line":42,"column":28},"end":{"line":42,"column":68}}],"line":42},"4":{"loc":{"start":{"line":44,"column":4},"end":{"line":49,"column":5}},"type":"if","locations":[{"start":{"line":44,"column":4},"end":{"line":49,"column":5}},{"start":{"line":44,"column":4},"end":{"line":49,"column":5}}],"line":44},"5":{"loc":{"start":{"line":44,"column":8},"end":{"line":44,"column":68}},"type":"binary-expr","locations":[{"start":{"line":44,"column":8},"end":{"line":44,"column":18}},{"start":{"line":44,"column":22},"end":{"line":44,"column":46}},{"start":{"line":44,"column":50},"end":{"line":44,"column":68}}],"line":44},"6":{"loc":{"start":{"line":47,"column":11},"end":{"line":49,"column":5}},"type":"if","locations":[{"start":{"line":47,"column":11},"end":{"line":49,"column":5}},{"start":{"line":47,"column":11},"end":{"line":49,"column":5}}],"line":47},"7":{"loc":{"start":{"line":47,"column":15},"end":{"line":47,"column":74}},"type":"binary-expr","locations":[{"start":{"line":47,"column":15},"end":{"line":47,"column":25}},{"start":{"line":47,"column":29},"end":{"line":47,"column":53}},{"start":{"line":47,"column":57},"end":{"line":47,"column":74}}],"line":47},"8":{"loc":{"start":{"line":54,"column":2},"end":{"line":56,"column":3}},"type":"if","locations":[{"start":{"line":54,"column":2},"end":{"line":56,"column":3}},{"start":{"line":54,"column":2},"end":{"line":56,"column":3}}],"line":54},"9":{"loc":{"start":{"line":60,"column":2},"end":{"line":62,"column":3}},"type":"if","locations":[{"start":{"line":60,"column":2},"end":{"line":62,"column":3}},{"start":{"line":60,"column":2},"end":{"line":62,"column":3}}],"line":60},"10":{"loc":{"start":{"line":60,"column":6},"end":{"line":60,"column":35}},"type":"binary-expr","locations":[{"start":{"line":60,"column":6},"end":{"line":60,"column":13}},{"start":{"line":60,"column":17},"end":{"line":60,"column":35}}],"line":60}},"s":{"0":14,"1":14,"2":196,"3":196,"4":98,"5":196,"6":14,"7":196,"8":196,"9":196,"10":98,"11":98,"12":98,"13":196,"14":98,"15":98,"16":98,"17":0,"18":98,"19":0,"20":196,"21":196,"22":0,"23":196,"24":196,"25":112,"26":196,"27":14},"f":{"0":196,"1":98,"2":196,"3":98},"b":{"0":[98,98],"1":[196,196,196],"2":[98,0],"3":[98,14],"4":[0,98],"5":[98,0,0],"6":[0,98],"7":[98,0,0],"8":[0,196],"9":[112,84],"10":[196,112]},"_coverageSchema":"1a1c01bbd47fc00a2c39e90264f33305004495a9","hash":"818f42514447d23d6ab15384a770e9cabd16db9a"}
,"/home/myros/projects/progress-bar-for-react/src/components/ProgressBar/index.js": {"path":"/home/myros/projects/progress-bar-for-react/src/components/ProgressBar/index.js","statementMap":{},"fnMap":{},"branchMap":{},"s":{},"f":{},"b":{},"_coverageSchema":"1a1c01bbd47fc00a2c39e90264f33305004495a9","hash":"a27edcb72a052218ef41e5cd46f94f63eb7a45c2"}
,"/home/myros/projects/progress-bar-for-react/src/components/ProgressBar/styles.js": {"path":"/home/myros/projects/progress-bar-for-react/src/components/ProgressBar/styles.js","statementMap":{"0":{"start":{"line":2,"column":15},"end":{"line":21,"column":2}},"1":{"start":{"line":2,"column":27},"end":{"line":21,"column":1}}},"fnMap":{"0":{"name":"(anonymous_0)","decl":{"start":{"line":2,"column":15},"end":{"line":2,"column":16}},"loc":{"start":{"line":2,"column":27},"end":{"line":21,"column":1}},"line":2}},"branchMap":{},"s":{"0":14,"1":14},"f":{"0":14},"b":{},"_coverageSchema":"1a1c01bbd47fc00a2c39e90264f33305004495a9","hash":"fafe8e247fc38a8c3bf549b9129bdd5e3b3f2e29"}
,"/home/myros/projects/progress-bar-for-react/src/examples/Clocked.js": {"path":"/home/myros/projects/progress-bar-for-react/src/examples/Clocked.js","statementMap":{"0":{"start":{"line":5,"column":27},"end":{"line":36,"column":1}},"1":{"start":{"line":6,"column":36},"end":{"line":6,"column":47}},"2":{"start":{"line":8,"column":2},"end":{"line":16,"column":19}},"3":{"start":{"line":9,"column":21},"end":{"line":14,"column":11}},"4":{"start":{"line":10,"column":6},"end":{"line":10,"column":34}},"5":{"start":{"line":11,"column":6},"end":{"line":13,"column":7}},"6":{"start":{"line":12,"column":8},"end":{"line":12,"column":25}},"7":{"start":{"line":15,"column":4},"end":{"line":15,"column":41}},"8":{"start":{"line":15,"column":17},"end":{"line":15,"column":40}},"9":{"start":{"line":18,"column":2},"end":{"line":35,"column":4}}},"fnMap":{"0":{"name":"(anonymous_0)","decl":{"start":{"line":5,"column":27},"end":{"line":5,"column":28}},"loc":{"start":{"line":5,"column":33},"end":{"line":36,"column":1}},"line":5},"1":{"name":"(anonymous_1)","decl":{"start":{"line":8,"column":12},"end":{"line":8,"column":13}},"loc":{"start":{"line":8,"column":18},"end":{"line":16,"column":3}},"line":8},"2":{"name":"(anonymous_2)","decl":{"start":{"line":9,"column":33},"end":{"line":9,"column":34}},"loc":{"start":{"line":9,"column":39},"end":{"line":14,"column":5}},"line":9},"3":{"name":"(anonymous_3)","decl":{"start":{"line":15,"column":11},"end":{"line":15,"column":12}},"loc":{"start":{"line":15,"column":17},"end":{"line":15,"column":40}},"line":15}},"branchMap":{"0":{"loc":{"start":{"line":11,"column":6},"end":{"line":13,"column":7}},"type":"if","locations":[{"start":{"line":11,"column":6},"end":{"line":13,"column":7}},{"start":{"line":11,"column":6},"end":{"line":13,"column":7}}],"line":11}},"s":{"0":14,"1":14,"2":14,"3":14,"4":2,"5":2,"6":0,"7":14,"8":0,"9":14},"f":{"0":14,"1":14,"2":2,"3":0},"b":{"0":[0,2]},"_coverageSchema":"1a1c01bbd47fc00a2c39e90264f33305004495a9","hash":"5986ec5f7e039c41e3dc3a051d58725eb76c11f2"}
,"/home/myros/projects/progress-bar-for-react/src/examples/Complex.js": {"path":"/home/myros/projects/progress-bar-for-react/src/examples/Complex.js","statementMap":{"0":{"start":{"line":4,"column":16},"end":{"line":21,"column":1}},"1":{"start":{"line":5,"column":2},"end":{"line":20,"column":8}}},"fnMap":{"0":{"name":"(anonymous_0)","decl":{"start":{"line":4,"column":16},"end":{"line":4,"column":17}},"loc":{"start":{"line":5,"column":2},"end":{"line":20,"column":8}},"line":5}},"branchMap":{},"s":{"0":14,"1":14},"f":{"0":14},"b":{},"_coverageSchema":"1a1c01bbd47fc00a2c39e90264f33305004495a9","hash":"76b1cc4d5631a0d32bb0b68f20d86d592cf4df04"}
,"/home/myros/projects/progress-bar-for-react/src/examples/ExtraStyles.js": {"path":"/home/myros/projects/progress-bar-for-react/src/examples/ExtraStyles.js","statementMap":{"0":{"start":{"line":4,"column":20},"end":{"line":13,"column":1}},"1":{"start":{"line":5,"column":2},"end":{"line":12,"column":8}}},"fnMap":{"0":{"name":"(anonymous_0)","decl":{"start":{"line":4,"column":20},"end":{"line":4,"column":21}},"loc":{"start":{"line":5,"column":2},"end":{"line":12,"column":8}},"line":5}},"branchMap":{},"s":{"0":14,"1":14},"f":{"0":14},"b":{},"_coverageSchema":"1a1c01bbd47fc00a2c39e90264f33305004495a9","hash":"5e8cf06b52c1624cab45a5455e2a97563f65cf0a"}
,"/home/myros/projects/progress-bar-for-react/src/examples/OnPercentageChange.js": {"path":"/home/myros/projects/progress-bar-for-react/src/examples/OnPercentageChange.js","statementMap":{"0":{"start":{"line":4,"column":27},"end":{"line":38,"column":1}},"1":{"start":{"line":5,"column":36},"end":{"line":5,"column":47}},"2":{"start":{"line":7,"column":2},"end":{"line":15,"column":19}},"3":{"start":{"line":8,"column":21},"end":{"line":13,"column":11}},"4":{"start":{"line":9,"column":6},"end":{"line":9,"column":34}},"5":{"start":{"line":10,"column":6},"end":{"line":12,"column":7}},"6":{"start":{"line":11,"column":8},"end":{"line":11,"column":25}},"7":{"start":{"line":14,"column":4},"end":{"line":14,"column":41}},"8":{"start":{"line":14,"column":17},"end":{"line":14,"column":40}},"9":{"start":{"line":17,"column":2},"end":{"line":37,"column":4}},"10":{"start":{"line":33,"column":10},"end":{"line":33,"column":46}}},"fnMap":{"0":{"name":"(anonymous_0)","decl":{"start":{"line":4,"column":27},"end":{"line":4,"column":28}},"loc":{"start":{"line":4,"column":33},"end":{"line":38,"column":1}},"line":4},"1":{"name":"(anonymous_1)","decl":{"start":{"line":7,"column":12},"end":{"line":7,"column":13}},"loc":{"start":{"line":7,"column":18},"end":{"line":15,"column":3}},"line":7},"2":{"name":"(anonymous_2)","decl":{"start":{"line":8,"column":33},"end":{"line":8,"column":34}},"loc":{"start":{"line":8,"column":39},"end":{"line":13,"column":5}},"line":8},"3":{"name":"(anonymous_3)","decl":{"start":{"line":14,"column":11},"end":{"line":14,"column":12}},"loc":{"start":{"line":14,"column":17},"end":{"line":14,"column":40}},"line":14},"4":{"name":"(anonymous_4)","decl":{"start":{"line":32,"column":28},"end":{"line":32,"column":29}},"loc":{"start":{"line":32,"column":35},"end":{"line":34,"column":9}},"line":32}},"branchMap":{"0":{"loc":{"start":{"line":10,"column":6},"end":{"line":12,"column":7}},"type":"if","locations":[{"start":{"line":10,"column":6},"end":{"line":12,"column":7}},{"start":{"line":10,"column":6},"end":{"line":12,"column":7}}],"line":10}},"s":{"0":14,"1":14,"2":14,"3":14,"4":2,"5":2,"6":0,"7":14,"8":0,"9":14,"10":0},"f":{"0":14,"1":14,"2":2,"3":0,"4":0},"b":{"0":[0,2]},"_coverageSchema":"1a1c01bbd47fc00a2c39e90264f33305004495a9","hash":"e3e2e72cd2343215d7b0dba444da18e9810e70f7"}
,"/home/myros/projects/progress-bar-for-react/src/examples/ProgressBarStyles.js": {"path":"/home/myros/projects/progress-bar-for-react/src/examples/ProgressBarStyles.js","statementMap":{"0":{"start":{"line":4,"column":26},"end":{"line":20,"column":1}},"1":{"start":{"line":5,"column":2},"end":{"line":19,"column":8}}},"fnMap":{"0":{"name":"(anonymous_0)","decl":{"start":{"line":4,"column":26},"end":{"line":4,"column":27}},"loc":{"start":{"line":5,"column":2},"end":{"line":19,"column":8}},"line":5}},"branchMap":{},"s":{"0":14,"1":14},"f":{"0":14},"b":{},"_coverageSchema":"1a1c01bbd47fc00a2c39e90264f33305004495a9","hash":"8b0d3dfd1085f88c268ba5926dbfa187f5aae964"}
,"/home/myros/projects/progress-bar-for-react/src/examples/Simple.js": {"path":"/home/myros/projects/progress-bar-for-react/src/examples/Simple.js","statementMap":{"0":{"start":{"line":4,"column":15},"end":{"line":8,"column":1}},"1":{"start":{"line":5,"column":2},"end":{"line":7,"column":8}}},"fnMap":{"0":{"name":"(anonymous_0)","decl":{"start":{"line":4,"column":15},"end":{"line":4,"column":16}},"loc":{"start":{"line":5,"column":2},"end":{"line":7,"column":8}},"line":5}},"branchMap":{},"s":{"0":14,"1":14},"f":{"0":14},"b":{},"_coverageSchema":"1a1c01bbd47fc00a2c39e90264f33305004495a9","hash":"6791df0deb61bbfa32949db819332a1e2f9d9b5d"}
,"/home/myros/projects/progress-bar-for-react/src/examples/ToolTip.js": {"path":"/home/myros/projects/progress-bar-for-react/src/examples/ToolTip.js","statementMap":{"0":{"start":{"line":4,"column":16},"end":{"line":8,"column":1}},"1":{"start":{"line":5,"column":2},"end":{"line":7,"column":8}}},"fnMap":{"0":{"name":"(anonymous_0)","decl":{"start":{"line":4,"column":16},"end":{"line":4,"column":17}},"loc":{"start":{"line":5,"column":2},"end":{"line":7,"column":8}},"line":5}},"branchMap":{},"s":{"0":14,"1":14},"f":{"0":14},"b":{},"_coverageSchema":"1a1c01bbd47fc00a2c39e90264f33305004495a9","hash":"f4826e799cb3d3bd2b8f1afadae4f953c14b4d69"}
,"/home/myros/projects/progress-bar-for-react/src/examples/index.js": {"path":"/home/myros/projects/progress-bar-for-react/src/examples/index.js","statementMap":{},"fnMap":{},"branchMap":{},"s":{},"f":{},"b":{},"_coverageSchema":"1a1c01bbd47fc00a2c39e90264f33305004495a9","hash":"0b1a62b4fe7da13a5013582ddaf1366f6c6bf829"}
,"/home/myros/projects/progress-bar-for-react/src/utils/getDisplayName.js": {"path":"/home/myros/projects/progress-bar-for-react/src/utils/getDisplayName.js","statementMap":{"0":{"start":{"line":1,"column":23},"end":{"line":6,"column":1}},"1":{"start":{"line":3,"column":4},"end":{"line":3,"column":72}},"2":{"start":{"line":5,"column":2},"end":{"line":5,"column":33}}},"fnMap":{"0":{"name":"(anonymous_0)","decl":{"start":{"line":1,"column":23},"end":{"line":1,"column":24}},"loc":{"start":{"line":1,"column":45},"end":{"line":6,"column":1}},"line":1}},"branchMap":{"0":{"loc":{"start":{"line":3,"column":4},"end":{"line":3,"column":72}},"type":"binary-expr","locations":[{"start":{"line":3,"column":4},"end":{"line":3,"column":32}},{"start":{"line":3,"column":36},"end":{"line":3,"column":57}},{"start":{"line":3,"column":61},"end":{"line":3,"column":72}}],"line":3}},"s":{"0":14,"1":112,"2":112},"f":{"0":112},"b":{"0":[112,112,0]},"_coverageSchema":"1a1c01bbd47fc00a2c39e90264f33305004495a9","hash":"eeffbe756a2ded3d588277abac234353e0e720b7"}
}
