TN:
SF:src/index.js
FNF:0
FNH:0
DA:4,7
DA:6,7
DA:8,7
LF:3
LH:3
BRF:0
BRH:0
end_of_record
TN:
SF:src/HOCS/withTooltip.js
FN:7,(anonymous_0)
FN:8,(anonymous_1)
FNF:2
FNH:2
FNDA:7,(anonymous_0)
FNDA:28,(anonymous_1)
DA:7,7
DA:8,7
DA:9,28
DA:11,28
DA:12,28
DA:22,0
DA:25,7
DA:27,7
LF:8
LH:7
BRDA:11,0,0,28
BRDA:11,0,1,0
BRDA:11,1,0,28
BRDA:11,1,1,28
BRF:4
BRH:3
end_of_record
TN:
SF:src/components/App.js
FN:5,(anonymous_0)
FN:8,(anonymous_1)
FNF:2
FNH:2
FNDA:7,(anonymous_0)
FNDA:49,(anonymous_1)
DA:5,7
DA:6,7
DA:9,49
DA:11,49
LF:4
LH:4
BRF:0
BRH:0
end_of_record
TN:
SF:src/components/ProgressBar/Filler.js
FN:4,(anonymous_0)
FNF:1
FNH:1
FNDA:49,(anonymous_0)
DA:4,7
DA:5,49
DA:12,49
DA:13,35
DA:19,49
DA:22,7
LF:6
LH:6
BRDA:12,0,0,35
BRDA:12,0,1,14
BRF:2
BRH:2
end_of_record
TN:
SF:src/components/ProgressBar/ProgressBar.js
FN:5,(anonymous_0)
FNF:1
FNH:1
FNDA:49,(anonymous_0)
DA:5,7
DA:11,49
DA:12,49
DA:29,7
LF:4
LH:4
BRF:0
BRH:0
end_of_record
TN:
SF:src/components/ProgressBar/ProgressBarContainer.js
FN:14,(anonymous_0)
FN:16,(anonymous_1)
FN:22,(anonymous_2)
FN:37,(anonymous_3)
FNF:4
FNH:4
FNDA:98,(anonymous_0)
FNDA:49,(anonymous_1)
FNDA:98,(anonymous_2)
FNDA:49,(anonymous_3)
DA:10,7
DA:12,7
DA:14,7
DA:15,98
DA:16,98
DA:17,49
DA:19,98
DA:22,7
DA:29,98
DA:30,98
DA:32,98
DA:35,98
DA:37,98
DA:38,49
DA:40,49
DA:42,49
DA:44,0
DA:45,49
DA:46,0
DA:50,98
DA:51,49
DA:53,49
DA:54,49
DA:57,98
DA:59,98
DA:60,0
DA:63,98
DA:64,56
DA:67,98
DA:78,7
LF:30
LH:27
BRDA:30,0,0,98
BRDA:30,0,1,56
BRDA:38,1,0,49
BRDA:38,1,1,0
BRDA:40,2,0,49
BRDA:40,2,1,7
BRDA:42,3,0,0
BRDA:42,3,1,49
BRDA:42,4,0,49
BRDA:42,4,1,0
BRDA:42,4,2,0
BRDA:45,5,0,0
BRDA:45,5,1,49
BRDA:45,6,0,49
BRDA:45,6,1,0
BRDA:45,6,2,0
BRDA:50,7,0,49
BRDA:50,7,1,49
BRDA:50,8,0,98
BRDA:50,8,1,98
BRDA:50,8,2,98
BRDA:59,9,0,0
BRDA:59,9,1,98
BRDA:63,10,0,56
BRDA:63,10,1,42
BRF:25
BRH:17
end_of_record
TN:
SF:src/components/ProgressBar/index.js
FNF:0
FNH:0
LF:0
LH:0
BRF:0
BRH:0
end_of_record
TN:
SF:src/components/ProgressBar/styles.js
FN:2,(anonymous_0)
FNF:1
FNH:1
FNDA:7,(anonymous_0)
DA:2,7
LF:1
LH:1
BRF:0
BRH:0
end_of_record
TN:
SF:src/examples/Clocked.js
FN:5,(anonymous_0)
FN:8,(anonymous_1)
FN:9,(anonymous_2)
FN:15,(anonymous_3)
FNF:4
FNH:3
FNDA:7,(anonymous_0)
FNDA:7,(anonymous_1)
FNDA:1,(anonymous_2)
FNDA:0,(anonymous_3)
DA:5,7
DA:6,7
DA:8,7
DA:9,7
DA:10,1
DA:11,1
DA:12,0
DA:15,7
DA:18,7
LF:9
LH:8
BRDA:11,0,0,0
BRDA:11,0,1,1
BRF:2
BRH:1
end_of_record
TN:
SF:src/examples/Complex.js
FN:4,(anonymous_0)
FNF:1
FNH:1
FNDA:7,(anonymous_0)
DA:4,7
DA:5,7
LF:2
LH:2
BRF:0
BRH:0
end_of_record
TN:
SF:src/examples/ExtraStyles.js
FN:4,(anonymous_0)
FNF:1
FNH:1
FNDA:7,(anonymous_0)
DA:4,7
DA:5,7
LF:2
LH:2
BRF:0
BRH:0
end_of_record
TN:
SF:src/examples/OnPercentageChange.js
FN:4,(anonymous_0)
FN:7,(anonymous_1)
FN:8,(anonymous_2)
FN:14,(anonymous_3)
FN:32,(anonymous_4)
FNF:5
FNH:3
FNDA:7,(anonymous_0)
FNDA:7,(anonymous_1)
FNDA:1,(anonymous_2)
FNDA:0,(anonymous_3)
FNDA:0,(anonymous_4)
DA:4,7
DA:5,7
DA:7,7
DA:8,7
DA:9,1
DA:10,1
DA:11,0
DA:14,7
DA:17,7
DA:33,0
LF:10
LH:8
BRDA:10,0,0,0
BRDA:10,0,1,1
BRF:2
BRH:1
end_of_record
TN:
SF:src/examples/ProgressBarStyles.js
FN:4,(anonymous_0)
FNF:1
FNH:1
FNDA:7,(anonymous_0)
DA:4,7
DA:5,7
LF:2
LH:2
BRF:0
BRH:0
end_of_record
TN:
SF:src/examples/Simple.js
FN:4,(anonymous_0)
FNF:1
FNH:1
FNDA:7,(anonymous_0)
DA:4,7
DA:5,7
LF:2
LH:2
BRF:0
BRH:0
end_of_record
TN:
SF:src/examples/ToolTip.js
FN:4,(anonymous_0)
FNF:1
FNH:1
FNDA:7,(anonymous_0)
DA:4,7
DA:5,7
LF:2
LH:2
BRF:0
BRH:0
end_of_record
TN:
SF:src/examples/index.js
FNF:0
FNH:0
LF:0
LH:0
BRF:0
BRH:0
end_of_record
TN:
SF:src/utils/getDisplayName.js
FN:1,(anonymous_0)
FNF:1
FNH:1
FNDA:7,(anonymous_0)
DA:1,7
DA:3,7
DA:5,7
LF:3
LH:3
BRDA:3,0,0,7
BRDA:3,0,1,7
BRDA:3,0,2,0
BRF:3
BRH:2
end_of_record
