TN:
SF:src/index.js
FNF:0
FNH:0
DA:4,36
DA:6,36
DA:8,36
LF:3
LH:3
BRF:0
BRH:0
end_of_record
TN:
SF:src/Examples/Clocked.js
FN:5,(anonymous_0)
FN:8,(anonymous_1)
FN:9,(anonymous_2)
FN:15,(anonymous_3)
FNF:4
FNH:4
FNDA:45,(anonymous_0)
FNDA:45,(anonymous_1)
FNDA:33,(anonymous_2)
FNDA:9,(anonymous_3)
DA:5,36
DA:6,45
DA:8,45
DA:9,45
DA:10,33
DA:11,33
DA:12,0
DA:15,45
DA:18,45
LF:9
LH:8
BRDA:11,0,0,0
BRDA:11,0,1,33
BRF:2
BRH:1
end_of_record
TN:
SF:src/Examples/Complex.js
FN:4,(anonymous_0)
FNF:1
FNH:1
FNDA:36,(anonymous_0)
DA:4,36
DA:5,36
LF:2
LH:2
BRF:0
BRH:0
end_of_record
TN:
SF:src/Examples/ExtraStyles.js
FN:4,(anonymous_0)
FNF:1
FNH:1
FNDA:36,(anonymous_0)
DA:4,36
DA:5,36
LF:2
LH:2
BRF:0
BRH:0
end_of_record
TN:
SF:src/Examples/OnPercentageChange.js
FN:5,(anonymous_0)
FN:8,(anonymous_1)
FN:9,(anonymous_2)
FN:15,(anonymous_3)
FN:33,(anonymous_4)
FNF:5
FNH:5
FNDA:42,(anonymous_0)
FNDA:42,(anonymous_1)
FNDA:29,(anonymous_2)
FNDA:6,(anonymous_3)
FNDA:6,(anonymous_4)
DA:5,36
DA:6,42
DA:8,42
DA:9,42
DA:10,29
DA:11,29
DA:12,0
DA:15,42
DA:18,42
DA:34,6
LF:10
LH:9
BRDA:11,0,0,0
BRDA:11,0,1,29
BRF:2
BRH:1
end_of_record
TN:
SF:src/Examples/ProgressBarStyles.js
FN:4,(anonymous_0)
FNF:1
FNH:1
FNDA:36,(anonymous_0)
DA:4,36
DA:5,36
LF:2
LH:2
BRF:0
BRH:0
end_of_record
TN:
SF:src/Examples/Simple.js
FN:4,(anonymous_0)
FNF:1
FNH:1
FNDA:36,(anonymous_0)
DA:4,36
DA:5,36
LF:2
LH:2
BRF:0
BRH:0
end_of_record
TN:
SF:src/Examples/ToolTip.js
FN:4,(anonymous_0)
FNF:1
FNH:1
FNDA:36,(anonymous_0)
DA:4,36
DA:5,36
LF:2
LH:2
BRF:0
BRH:0
end_of_record
TN:
SF:src/Examples/index.js
FNF:0
FNH:0
LF:0
LH:0
BRF:0
BRH:0
end_of_record
TN:
SF:src/HOCS/withTooltip.js
FN:7,(anonymous_0)
FN:8,(anonymous_1)
FNF:2
FNH:2
FNDA:303,(anonymous_0)
FNDA:159,(anonymous_1)
DA:7,36
DA:8,303
DA:9,159
DA:13,159
DA:14,159
DA:24,0
DA:27,303
DA:29,303
LF:8
LH:7
BRDA:13,0,0,159
BRDA:13,0,1,0
BRDA:13,1,0,159
BRDA:13,1,1,159
BRF:4
BRH:3
end_of_record
TN:
SF:src/components/App.js
FN:5,(anonymous_0)
FN:8,(anonymous_1)
FNF:2
FNH:2
FNDA:36,(anonymous_0)
FNDA:252,(anonymous_1)
DA:5,36
DA:6,36
DA:9,252
DA:11,252
LF:4
LH:4
BRF:0
BRH:0
end_of_record
TN:
SF:src/components/ProgressBar/Filler.js
FN:4,(anonymous_0)
FNF:1
FNH:1
FNDA:267,(anonymous_0)
DA:4,36
DA:5,267
DA:12,267
DA:13,195
DA:19,267
DA:22,36
LF:6
LH:6
BRDA:12,0,0,195
BRDA:12,0,1,72
BRF:2
BRH:2
end_of_record
TN:
SF:src/components/ProgressBar/ProgressBar.js
FN:5,(anonymous_0)
FNF:1
FNH:1
FNDA:267,(anonymous_0)
DA:5,36
DA:11,267
DA:12,267
DA:29,36
LF:4
LH:4
BRF:0
BRH:0
end_of_record
TN:
SF:src/components/ProgressBar/ProgressBarContainer.js
FN:12,(anonymous_0)
FN:14,(anonymous_1)
FN:20,(anonymous_2)
FN:39,(anonymous_3)
FNF:4
FNH:4
FNDA:519,(anonymous_0)
FNDA:267,(anonymous_1)
FNDA:519,(anonymous_2)
FNDA:267,(anonymous_3)
DA:10,36
DA:12,36
DA:13,519
DA:14,519
DA:15,267
DA:17,519
DA:20,36
DA:27,519
DA:30,519
DA:32,519
DA:33,252
DA:35,252
DA:36,252
DA:39,519
DA:40,267
DA:42,267
DA:44,267
DA:46,0
DA:47,267
DA:48,6
DA:52,519
DA:54,519
DA:55,0
DA:58,519
DA:60,519
DA:61,303
DA:64,519
DA:75,36
LF:28
LH:26
BRDA:32,0,0,252
BRDA:32,0,1,267
BRDA:32,1,0,519
BRDA:32,1,1,519
BRDA:32,1,2,519
BRDA:40,2,0,267
BRDA:40,2,1,15
BRDA:42,3,0,267
BRDA:42,3,1,42
BRDA:44,4,0,0
BRDA:44,4,1,267
BRDA:44,5,0,267
BRDA:44,5,1,15
BRDA:44,5,2,6
BRDA:47,6,0,6
BRDA:47,6,1,261
BRDA:47,7,0,267
BRDA:47,7,1,15
BRDA:47,7,2,6
BRDA:54,8,0,0
BRDA:54,8,1,519
BRDA:60,9,0,303
BRDA:60,9,1,216
BRDA:60,10,0,519
BRDA:60,10,1,303
BRF:25
BRH:23
end_of_record
TN:
SF:src/components/ProgressBar/index.js
FNF:0
FNH:0
LF:0
LH:0
BRF:0
BRH:0
end_of_record
TN:
SF:src/components/ProgressBar/styles.js
FN:2,(anonymous_0)
FNF:1
FNH:1
FNDA:36,(anonymous_0)
DA:2,36
LF:1
LH:1
BRF:0
BRH:0
end_of_record
TN:
SF:src/utils/getDisplayName.js
FN:1,(anonymous_0)
FNF:1
FNH:1
FNDA:303,(anonymous_0)
DA:1,36
DA:3,303
DA:5,303
LF:3
LH:3
BRDA:3,0,0,303
BRDA:3,0,1,303
BRDA:3,0,2,0
BRF:3
BRH:2
end_of_record
